{"uuid":"02a7da7a-255e-409b-9e39-c7bc9647a8a7","historyId":"17920463729563d7c29d2ee63c31e0b7","testCaseId":"68cc9716773c7702dc6a54aab99fd7a8","fullName":"src/test/resources/features/login.feature:10","labels":[{"name":"host","value":"EPINHYDW10D8"},{"name":"thread","value":"6268@EPINHYDW10D8.TestNG-PoolService-1(48)"},{"name":"feature","value":"Login functionality"},{"name":"story","value":"Unsuccessful login with invalid username"},{"name":"suite","value":"Login functionality"},{"name":"testClass","value":"Unsuccessful login with invalid username"},{"name":"framework","value":"cucumber4jvm"},{"name":"language","value":"java"},{"name":"gherkin_uri","value":"file:///S:/Started/AutomationBDDProjects/FinSecureAuto/src/test/resources/features/login.feature"},{"name":"package","value":"src.test.resources.features.login_feature.Login functionality"}],"links":[],"name":"Unsuccessful login with invalid username","status":"failed","statusDetails":{"known":false,"muted":false,"flaky":false,"message":"Password error message does not match expected. expected [Password must not be blank] but found []","trace":"java.lang.AssertionError: Password error message does not match expected. expected [Password must not be blank] but found []\r\n\tat org.testng.Assert.fail(Assert.java:111)\r\n\tat org.testng.Assert.failNotEquals(Assert.java:1590)\r\n\tat org.testng.Assert.assertEqualsImpl(Assert.java:150)\r\n\tat org.testng.Assert.assertEquals(Assert.java:132)\r\n\tat org.testng.Assert.assertEquals(Assert.java:656)\r\n\tat org.finsecure.stepdefinitions.LoginSteps.iShouldSeeAnErrorMessageIndicatingThatFieldsCannotBeEmpty(LoginSteps.java:80)\r\n\tat ✽.I should see an error message indicating that fields cannot be empty(file:///S:/Started/AutomationBDDProjects/FinSecureAuto/src/test/resources/features/login.feature:13)\r\n"},"stage":"finished","steps":[{"name":"Given I am on the login page","status":"passed","statusDetails":{"known":false,"muted":false,"flaky":false},"stage":"finished","steps":[],"attachments":[],"parameters":[],"start":1753679261840,"stop":1753679264287},{"name":"When I leave the username and password fields empty","status":"passed","statusDetails":{"known":false,"muted":false,"flaky":false},"stage":"finished","steps":[],"attachments":[],"parameters":[],"start":1753679264292,"stop":1753679264663},{"name":"Then I should see an error message indicating that fields cannot be empty","status":"failed","statusDetails":{"known":false,"muted":false,"flaky":false,"message":"Password error message does not match expected. expected [Password must not be blank] but found []","trace":"java.lang.AssertionError: Password error message does not match expected. expected [Password must not be blank] but found []\r\n\tat org.testng.Assert.fail(Assert.java:111)\r\n\tat org.testng.Assert.failNotEquals(Assert.java:1590)\r\n\tat org.testng.Assert.assertEqualsImpl(Assert.java:150)\r\n\tat org.testng.Assert.assertEquals(Assert.java:132)\r\n\tat org.testng.Assert.assertEquals(Assert.java:656)\r\n\tat org.finsecure.stepdefinitions.LoginSteps.iShouldSeeAnErrorMessageIndicatingThatFieldsCannotBeEmpty(LoginSteps.java:80)\r\n\tat ✽.I should see an error message indicating that fields cannot be empty(file:///S:/Started/AutomationBDDProjects/FinSecureAuto/src/test/resources/features/login.feature:13)\r\n"},"stage":"finished","steps":[],"attachments":[],"parameters":[],"start":1753679264663,"stop":1753679264761}],"attachments":[],"parameters":[],"start":1753679260463,"stop":1753679265236}