{"uuid":"5525245a-a006-467e-97f3-448f8260a1a0","historyId":"700a961fa0f163f2fc2f772ce4edd0d2","testCaseId":"109030215aff60141cf4f93442724b97","fullName":"src/test/resources/features/newCustomer.feature:26","labels":[{"name":"host","value":"EPINHYDW10D8"},{"name":"thread","value":"21876@EPINHYDW10D8.TestNG-PoolService-2(49)"},{"name":"feature","value":"Customer Registration Form"},{"name":"story","value":"Register customer with valid mandatory fields"},{"name":"suite","value":"Customer Registration Form"},{"name":"testClass","value":"Register customer with valid mandatory fields"},{"name":"framework","value":"cucumber4jvm"},{"name":"language","value":"java"},{"name":"gherkin_uri","value":"file:///S:/Started/AutomationBDDProjects/FinSecureAuto/src/test/resources/features/newCustomer.feature"},{"name":"package","value":"src.test.resources.features.newCustomer_feature.Customer Registration Form"}],"links":[],"name":"Register customer with valid mandatory fields","status":"broken","statusDetails":{"known":false,"muted":false,"flaky":false,"message":"Step [I validate that the registered customer details match the input] is defined with 1 parameters at 'org.finsecure.stepdefinitions.NewCustomer.iValidateThatTheRegisteredCustomerDetailsMatchTheInput(io.cucumber.datatable.DataTable)'.\nHowever, the gherkin step has 0 arguments.\nStep text: I validate that the registered customer details match the input","trace":"io.cucumber.core.exception.CucumberException: Step [I validate that the registered customer details match the input] is defined with 1 parameters at 'org.finsecure.stepdefinitions.NewCustomer.iValidateThatTheRegisteredCustomerDetailsMatchTheInput(io.cucumber.datatable.DataTable)'.\nHowever, the gherkin step has 0 arguments.\nStep text: I validate that the registered customer details match the input\r\n\tat io.cucumber.core.runner.PickleStepDefinitionMatch.arityMismatch(PickleStepDefinitionMatch.java:82)\r\n\tat io.cucumber.core.runner.PickleStepDefinitionMatch.runStep(PickleStepDefinitionMatch.java:41)\r\n\tat io.cucumber.core.runner.ExecutionMode$1.execute(ExecutionMode.java:10)\r\n\tat io.cucumber.core.runner.TestStep.executeStep(TestStep.java:81)\r\n\tat io.cucumber.core.runner.TestStep.run(TestStep.java:53)\r\n\tat io.cucumber.core.runner.PickleStepTestStep.run(PickleStepTestStep.java:51)\r\n\tat io.cucumber.core.runner.TestCase.run(TestCase.java:86)\r\n\tat io.cucumber.core.runner.Runner.runPickle(Runner.java:77)\r\n\tat io.cucumber.testng.TestNGCucumberRunner.lambda$runScenario$1(TestNGCucumberRunner.java:135)\r\n\tat io.cucumber.core.runtime.CucumberExecutionContext.lambda$runTestCase$5(CucumberExecutionContext.java:136)\r\n\tat io.cucumber.core.runtime.RethrowingThrowableCollector.executeAndThrow(RethrowingThrowableCollector.java:23)\r\n\tat io.cucumber.core.runtime.CucumberExecutionContext.runTestCase(CucumberExecutionContext.java:136)\r\n\tat io.cucumber.testng.TestNGCucumberRunner.runScenario(TestNGCucumberRunner.java:132)\r\n\tat io.cucumber.testng.AbstractTestNGCucumberTests.runScenario(AbstractTestNGCucumberTests.java:35)\r\n\tat java.base/jdk.internal.reflect.DirectMethodHandleAccessor.invoke(DirectMethodHandleAccessor.java:103)\r\n\tat java.base/java.lang.reflect.Method.invoke(Method.java:580)\r\n\tat org.testng.internal.invokers.MethodInvocationHelper.invokeMethod(MethodInvocationHelper.java:141)\r\n\tat org.testng.internal.invokers.TestInvoker.invokeMethod(TestInvoker.java:687)\r\n\tat org.testng.internal.invokers.TestInvoker.invokeTestMethod(TestInvoker.java:230)\r\n\tat org.testng.internal.invokers.TestMethodWithDataProviderMethodWorker.call(TestMethodWithDataProviderMethodWorker.java:81)\r\n\tat org.testng.internal.thread.Async$AsyncTask.run(Async.java:34)\r\n\tat java.base/java.util.concurrent.ThreadPoolExecutor.runWorker(ThreadPoolExecutor.java:1144)\r\n\tat java.base/java.util.concurrent.ThreadPoolExecutor$Worker.run(ThreadPoolExecutor.java:642)\r\n\tat java.base/java.lang.Thread.run(Thread.java:1570)\r\n"},"stage":"finished","steps":[{"name":"Given I am logged in with valid credentials","status":"passed","statusDetails":{"known":false,"muted":false,"flaky":false},"stage":"finished","steps":[],"attachments":[],"parameters":[],"start":1754121783953,"stop":1754121787757},{"name":"Given I am on the customer registration page","status":"passed","statusDetails":{"known":false,"muted":false,"flaky":false},"stage":"finished","steps":[],"attachments":[],"parameters":[],"start":1754121787757,"stop":1754121788535},{"name":"When I fill in the customer form with","status":"passed","statusDetails":{"known":false,"muted":false,"flaky":false},"stage":"finished","steps":[],"attachments":[{"name":"Data table","source":"ce4bf962-f6d7-4de2-b336-da571a7e6bfb-attachment.csv","type":"text/tab-separated-values"}],"parameters":[],"start":1754121788537,"stop":1754121789234},{"name":"And I submit the form","status":"passed","statusDetails":{"known":false,"muted":false,"flaky":false},"stage":"finished","steps":[],"attachments":[],"parameters":[],"start":1754121789234,"stop":1754121790181},{"name":"Then I should see a confirmation message that the customer has been registered successfully","status":"passed","statusDetails":{"known":false,"muted":false,"flaky":false},"stage":"finished","steps":[],"attachments":[],"parameters":[],"start":1754121790181,"stop":1754121790195},{"name":"And I validate that the registered customer details match the input","status":"broken","statusDetails":{"known":false,"muted":false,"flaky":false,"message":"Step [I validate that the registered customer details match the input] is defined with 1 parameters at 'org.finsecure.stepdefinitions.NewCustomer.iValidateThatTheRegisteredCustomerDetailsMatchTheInput(io.cucumber.datatable.DataTable)'.\nHowever, the gherkin step has 0 arguments.\nStep text: I validate that the registered customer details match the input","trace":"io.cucumber.core.exception.CucumberException: Step [I validate that the registered customer details match the input] is defined with 1 parameters at 'org.finsecure.stepdefinitions.NewCustomer.iValidateThatTheRegisteredCustomerDetailsMatchTheInput(io.cucumber.datatable.DataTable)'.\nHowever, the gherkin step has 0 arguments.\nStep text: I validate that the registered customer details match the input\r\n\tat io.cucumber.core.runner.PickleStepDefinitionMatch.arityMismatch(PickleStepDefinitionMatch.java:82)\r\n\tat io.cucumber.core.runner.PickleStepDefinitionMatch.runStep(PickleStepDefinitionMatch.java:41)\r\n\tat io.cucumber.core.runner.ExecutionMode$1.execute(ExecutionMode.java:10)\r\n\tat io.cucumber.core.runner.TestStep.executeStep(TestStep.java:81)\r\n\tat io.cucumber.core.runner.TestStep.run(TestStep.java:53)\r\n\tat io.cucumber.core.runner.PickleStepTestStep.run(PickleStepTestStep.java:51)\r\n\tat io.cucumber.core.runner.TestCase.run(TestCase.java:86)\r\n\tat io.cucumber.core.runner.Runner.runPickle(Runner.java:77)\r\n\tat io.cucumber.testng.TestNGCucumberRunner.lambda$runScenario$1(TestNGCucumberRunner.java:135)\r\n\tat io.cucumber.core.runtime.CucumberExecutionContext.lambda$runTestCase$5(CucumberExecutionContext.java:136)\r\n\tat io.cucumber.core.runtime.RethrowingThrowableCollector.executeAndThrow(RethrowingThrowableCollector.java:23)\r\n\tat io.cucumber.core.runtime.CucumberExecutionContext.runTestCase(CucumberExecutionContext.java:136)\r\n\tat io.cucumber.testng.TestNGCucumberRunner.runScenario(TestNGCucumberRunner.java:132)\r\n\tat io.cucumber.testng.AbstractTestNGCucumberTests.runScenario(AbstractTestNGCucumberTests.java:35)\r\n\tat java.base/jdk.internal.reflect.DirectMethodHandleAccessor.invoke(DirectMethodHandleAccessor.java:103)\r\n\tat java.base/java.lang.reflect.Method.invoke(Method.java:580)\r\n\tat org.testng.internal.invokers.MethodInvocationHelper.invokeMethod(MethodInvocationHelper.java:141)\r\n\tat org.testng.internal.invokers.TestInvoker.invokeMethod(TestInvoker.java:687)\r\n\tat org.testng.internal.invokers.TestInvoker.invokeTestMethod(TestInvoker.java:230)\r\n\tat org.testng.internal.invokers.TestMethodWithDataProviderMethodWorker.call(TestMethodWithDataProviderMethodWorker.java:81)\r\n\tat org.testng.internal.thread.Async$AsyncTask.run(Async.java:34)\r\n\tat java.base/java.util.concurrent.ThreadPoolExecutor.runWorker(ThreadPoolExecutor.java:1144)\r\n\tat java.base/java.util.concurrent.ThreadPoolExecutor$Worker.run(ThreadPoolExecutor.java:642)\r\n\tat java.base/java.lang.Thread.run(Thread.java:1570)\r\n"},"stage":"finished","steps":[],"attachments":[],"parameters":[],"start":1754121790197,"stop":1754121790197}],"attachments":[],"parameters":[{"name":"name","value":"Rohan"},{"name":"gender","value":"male"},{"name":"dob","value":"03/05/1988"},{"name":"address","value":"301 Sunrise Towers"},{"name":"city","value":"Bhagalpur"},{"name":"state","value":"Bihar"},{"name":"pin","value":"812001"},{"name":"telephone","value":"9988776655"},{"name":"email","value":"roha523 n@demo.com"},{"name":"password","value":"ro#456xyz"}],"start":1754121781604,"stop":1754121790197}