{"uuid":"58680c2e-a496-4898-a828-6eab48d77a75","historyId":"cc49b296bb152c44fc926941c1a5a3a7","testCaseId":"109030215aff60141cf4f93442724b97","fullName":"src/test/resources/features/newCustomer.feature:25","labels":[{"name":"host","value":"EPINHYDW10D8"},{"name":"thread","value":"21876@EPINHYDW10D8.TestNG-PoolService-1(48)"},{"name":"feature","value":"Customer Registration Form"},{"name":"story","value":"Register customer with valid mandatory fields"},{"name":"suite","value":"Customer Registration Form"},{"name":"testClass","value":"Register customer with valid mandatory fields"},{"name":"framework","value":"cucumber4jvm"},{"name":"language","value":"java"},{"name":"gherkin_uri","value":"file:///S:/Started/AutomationBDDProjects/FinSecureAuto/src/test/resources/features/newCustomer.feature"},{"name":"package","value":"src.test.resources.features.newCustomer_feature.Customer Registration Form"}],"links":[],"name":"Register customer with valid mandatory fields","status":"broken","statusDetails":{"known":false,"muted":false,"flaky":false,"message":"Step [I validate that the registered customer details match the input] is defined with 1 parameters at 'org.finsecure.stepdefinitions.NewCustomer.iValidateThatTheRegisteredCustomerDetailsMatchTheInput(io.cucumber.datatable.DataTable)'.\nHowever, the gherkin step has 0 arguments.\nStep text: I validate that the registered customer details match the input","trace":"io.cucumber.core.exception.CucumberException: Step [I validate that the registered customer details match the input] is defined with 1 parameters at 'org.finsecure.stepdefinitions.NewCustomer.iValidateThatTheRegisteredCustomerDetailsMatchTheInput(io.cucumber.datatable.DataTable)'.\nHowever, the gherkin step has 0 arguments.\nStep text: I validate that the registered customer details match the input\r\n\tat io.cucumber.core.runner.PickleStepDefinitionMatch.arityMismatch(PickleStepDefinitionMatch.java:82)\r\n\tat io.cucumber.core.runner.PickleStepDefinitionMatch.runStep(PickleStepDefinitionMatch.java:41)\r\n\tat io.cucumber.core.runner.ExecutionMode$1.execute(ExecutionMode.java:10)\r\n\tat io.cucumber.core.runner.TestStep.executeStep(TestStep.java:81)\r\n\tat io.cucumber.core.runner.TestStep.run(TestStep.java:53)\r\n\tat io.cucumber.core.runner.PickleStepTestStep.run(PickleStepTestStep.java:51)\r\n\tat io.cucumber.core.runner.TestCase.run(TestCase.java:86)\r\n\tat io.cucumber.core.runner.Runner.runPickle(Runner.java:77)\r\n\tat io.cucumber.testng.TestNGCucumberRunner.lambda$runScenario$1(TestNGCucumberRunner.java:135)\r\n\tat io.cucumber.core.runtime.CucumberExecutionContext.lambda$runTestCase$5(CucumberExecutionContext.java:136)\r\n\tat io.cucumber.core.runtime.RethrowingThrowableCollector.executeAndThrow(RethrowingThrowableCollector.java:23)\r\n\tat io.cucumber.core.runtime.CucumberExecutionContext.runTestCase(CucumberExecutionContext.java:136)\r\n\tat io.cucumber.testng.TestNGCucumberRunner.runScenario(TestNGCucumberRunner.java:132)\r\n\tat io.cucumber.testng.AbstractTestNGCucumberTests.runScenario(AbstractTestNGCucumberTests.java:35)\r\n\tat java.base/jdk.internal.reflect.DirectMethodHandleAccessor.invoke(DirectMethodHandleAccessor.java:103)\r\n\tat java.base/java.lang.reflect.Method.invoke(Method.java:580)\r\n\tat org.testng.internal.invokers.MethodInvocationHelper.invokeMethod(MethodInvocationHelper.java:141)\r\n\tat org.testng.internal.invokers.TestInvoker.invokeMethod(TestInvoker.java:687)\r\n\tat org.testng.internal.invokers.TestInvoker.invokeTestMethod(TestInvoker.java:230)\r\n\tat org.testng.internal.invokers.TestMethodWithDataProviderMethodWorker.call(TestMethodWithDataProviderMethodWorker.java:81)\r\n\tat org.testng.internal.thread.Async$AsyncTask.run(Async.java:34)\r\n\tat java.base/java.util.concurrent.ThreadPoolExecutor.runWorker(ThreadPoolExecutor.java:1144)\r\n\tat java.base/java.util.concurrent.ThreadPoolExecutor$Worker.run(ThreadPoolExecutor.java:642)\r\n\tat java.base/java.lang.Thread.run(Thread.java:1570)\r\n"},"stage":"finished","steps":[{"name":"Given I am logged in with valid credentials","status":"passed","statusDetails":{"known":false,"muted":false,"flaky":false},"stage":"finished","steps":[],"attachments":[],"parameters":[],"start":1754121783018,"stop":1754121787752},{"name":"Given I am on the customer registration page","status":"passed","statusDetails":{"known":false,"muted":false,"flaky":false},"stage":"finished","steps":[],"attachments":[],"parameters":[],"start":1754121787757,"stop":1754121788276},{"name":"When I fill in the customer form with","status":"passed","statusDetails":{"known":false,"muted":false,"flaky":false},"stage":"finished","steps":[],"attachments":[{"name":"Data table","source":"c87ab049-7eed-430a-aac4-a9794ba57462-attachment.csv","type":"text/tab-separated-values"}],"parameters":[],"start":1754121788276,"stop":1754121789034},{"name":"And I submit the form","status":"passed","statusDetails":{"known":false,"muted":false,"flaky":false},"stage":"finished","steps":[],"attachments":[],"parameters":[],"start":1754121789045,"stop":1754121790060},{"name":"Then I should see a confirmation message that the customer has been registered successfully","status":"passed","statusDetails":{"known":false,"muted":false,"flaky":false},"stage":"finished","steps":[],"attachments":[],"parameters":[],"start":1754121790060,"stop":1754121790077},{"name":"And I validate that the registered customer details match the input","status":"broken","statusDetails":{"known":false,"muted":false,"flaky":false,"message":"Step [I validate that the registered customer details match the input] is defined with 1 parameters at 'org.finsecure.stepdefinitions.NewCustomer.iValidateThatTheRegisteredCustomerDetailsMatchTheInput(io.cucumber.datatable.DataTable)'.\nHowever, the gherkin step has 0 arguments.\nStep text: I validate that the registered customer details match the input","trace":"io.cucumber.core.exception.CucumberException: Step [I validate that the registered customer details match the input] is defined with 1 parameters at 'org.finsecure.stepdefinitions.NewCustomer.iValidateThatTheRegisteredCustomerDetailsMatchTheInput(io.cucumber.datatable.DataTable)'.\nHowever, the gherkin step has 0 arguments.\nStep text: I validate that the registered customer details match the input\r\n\tat io.cucumber.core.runner.PickleStepDefinitionMatch.arityMismatch(PickleStepDefinitionMatch.java:82)\r\n\tat io.cucumber.core.runner.PickleStepDefinitionMatch.runStep(PickleStepDefinitionMatch.java:41)\r\n\tat io.cucumber.core.runner.ExecutionMode$1.execute(ExecutionMode.java:10)\r\n\tat io.cucumber.core.runner.TestStep.executeStep(TestStep.java:81)\r\n\tat io.cucumber.core.runner.TestStep.run(TestStep.java:53)\r\n\tat io.cucumber.core.runner.PickleStepTestStep.run(PickleStepTestStep.java:51)\r\n\tat io.cucumber.core.runner.TestCase.run(TestCase.java:86)\r\n\tat io.cucumber.core.runner.Runner.runPickle(Runner.java:77)\r\n\tat io.cucumber.testng.TestNGCucumberRunner.lambda$runScenario$1(TestNGCucumberRunner.java:135)\r\n\tat io.cucumber.core.runtime.CucumberExecutionContext.lambda$runTestCase$5(CucumberExecutionContext.java:136)\r\n\tat io.cucumber.core.runtime.RethrowingThrowableCollector.executeAndThrow(RethrowingThrowableCollector.java:23)\r\n\tat io.cucumber.core.runtime.CucumberExecutionContext.runTestCase(CucumberExecutionContext.java:136)\r\n\tat io.cucumber.testng.TestNGCucumberRunner.runScenario(TestNGCucumberRunner.java:132)\r\n\tat io.cucumber.testng.AbstractTestNGCucumberTests.runScenario(AbstractTestNGCucumberTests.java:35)\r\n\tat java.base/jdk.internal.reflect.DirectMethodHandleAccessor.invoke(DirectMethodHandleAccessor.java:103)\r\n\tat java.base/java.lang.reflect.Method.invoke(Method.java:580)\r\n\tat org.testng.internal.invokers.MethodInvocationHelper.invokeMethod(MethodInvocationHelper.java:141)\r\n\tat org.testng.internal.invokers.TestInvoker.invokeMethod(TestInvoker.java:687)\r\n\tat org.testng.internal.invokers.TestInvoker.invokeTestMethod(TestInvoker.java:230)\r\n\tat org.testng.internal.invokers.TestMethodWithDataProviderMethodWorker.call(TestMethodWithDataProviderMethodWorker.java:81)\r\n\tat org.testng.internal.thread.Async$AsyncTask.run(Async.java:34)\r\n\tat java.base/java.util.concurrent.ThreadPoolExecutor.runWorker(ThreadPoolExecutor.java:1144)\r\n\tat java.base/java.util.concurrent.ThreadPoolExecutor$Worker.run(ThreadPoolExecutor.java:642)\r\n\tat java.base/java.lang.Thread.run(Thread.java:1570)\r\n"},"stage":"finished","steps":[],"attachments":[],"parameters":[],"start":1754121790084,"stop":1754121790092}],"attachments":[],"parameters":[{"name":"name","value":"Ananya"},{"name":"gender","value":"female"},{"name":"dob","value":"12/15/1992"},{"name":"address","value":"89 Lotus Enclave"},{"name":"city","value":"Ranchi"},{"name":"state","value":"Jharkhand"},{"name":"pin","value":"834001"},{"name":"telephone","value":"9123456789"},{"name":"email","value":"anan561ya@mailtest.com"},{"name":"password","value":"an@123abc"}],"start":1754121781601,"stop":1754121790096}