{"uuid":"af7dc519-baf1-41ed-84d1-acbf99b0a82c","historyId":"2fbe781b7fec8801ab5427262160ba77","testCaseId":"efb3534e4b7984222656851791e8cdcf","fullName":"src/test/resources/features/login.feature:18","labels":[{"name":"host","value":"EPINHYDW10D8"},{"name":"thread","value":"16540@EPINHYDW10D8.TestNG-PoolService-3(51)"},{"name":"feature","value":"Login functionality"},{"name":"story","value":"Unsuccessful login with special characters in password"},{"name":"suite","value":"Login functionality"},{"name":"testClass","value":"Unsuccessful login with special characters in password"},{"name":"framework","value":"cucumber4jvm"},{"name":"language","value":"java"},{"name":"gherkin_uri","value":"file:///S:/Started/AutomationBDDProjects/FinSecureAuto/src/test/resources/features/login.feature"},{"name":"package","value":"src.test.resources.features.login_feature.Login functionality"}],"links":[],"name":"Unsuccessful login with special characters in password","status":"failed","statusDetails":{"known":false,"muted":false,"flaky":false,"message":"Expected alert was not present.","trace":"java.lang.AssertionError: Expected alert was not present.\r\n\tat org.testng.Assert.fail(Assert.java:111)\r\n\tat org.finsecure.stepdefinitions.LoginSteps.iShouldSeeAnAlertErrorMessageIndicatingInvalidCredentials(LoginSteps.java:65)\r\n\tat ✽.I should see an alert error message indicating invalid credentials(file:///S:/Started/AutomationBDDProjects/FinSecureAuto/src/test/resources/features/login.feature:22)\r\n"},"stage":"finished","steps":[{"name":"Given I am on the login page","status":"passed","statusDetails":{"known":false,"muted":false,"flaky":false},"stage":"finished","steps":[],"attachments":[],"parameters":[],"start":1753690250480,"stop":1753690252469},{"name":"When I enter a valid username","status":"passed","statusDetails":{"known":false,"muted":false,"flaky":false},"stage":"finished","steps":[],"attachments":[],"parameters":[],"start":1753690252470,"stop":1753690252605},{"name":"And I enter a password with special characters","status":"passed","statusDetails":{"known":false,"muted":false,"flaky":false},"stage":"finished","steps":[],"attachments":[],"parameters":[],"start":1753690252605,"stop":1753690252745},{"name":"And I click on the login button","status":"passed","statusDetails":{"known":false,"muted":false,"flaky":false},"stage":"finished","steps":[],"attachments":[],"parameters":[],"start":1753690252746,"stop":1753690253085},{"name":"Then I should see an alert error message indicating invalid credentials","status":"failed","statusDetails":{"known":false,"muted":false,"flaky":false,"message":"Expected alert was not present.","trace":"java.lang.AssertionError: Expected alert was not present.\r\n\tat org.testng.Assert.fail(Assert.java:111)\r\n\tat org.finsecure.stepdefinitions.LoginSteps.iShouldSeeAnAlertErrorMessageIndicatingInvalidCredentials(LoginSteps.java:65)\r\n\tat ✽.I should see an alert error message indicating invalid credentials(file:///S:/Started/AutomationBDDProjects/FinSecureAuto/src/test/resources/features/login.feature:22)\r\n"},"stage":"finished","steps":[],"attachments":[],"parameters":[],"start":1753690253086,"stop":1753690253096}],"attachments":[],"parameters":[],"start":1753690248402,"stop":1753690253116}