{"uuid":"ecd70df5-b3a8-4ae5-b090-610c6962f273","historyId":"17920463729563d7c29d2ee63c31e0b7","testCaseId":"68cc9716773c7702dc6a54aab99fd7a8","fullName":"src/test/resources/features/login.feature:10","labels":[{"name":"host","value":"EPINHYDW10D8"},{"name":"thread","value":"25100@EPINHYDW10D8.TestNG-PoolService-1(48)"},{"name":"feature","value":"Login functionality"},{"name":"story","value":"Unsuccessful login with invalid username"},{"name":"suite","value":"Login functionality"},{"name":"testClass","value":"Unsuccessful login with invalid username"},{"name":"framework","value":"cucumber4jvm"},{"name":"language","value":"java"},{"name":"gherkin_uri","value":"file:///S:/Started/AutomationBDDProjects/FinSecureAuto/src/test/resources/features/login.feature"},{"name":"package","value":"src.test.resources.features.login_feature.Login functionality"}],"links":[],"name":"Unsuccessful login with invalid username","status":"broken","statusDetails":{"known":false,"muted":false,"flaky":false,"message":"Unable to find element with locator By.id: message23\nFor documentation on this error, please visit: https://www.selenium.dev/documentation/webdriver/troubleshooting/errors#no-such-element-exception\nBuild info: version: '4.34.0', revision: '707dcb4246*'\nSystem info: os.name: 'Windows 11', os.arch: 'amd64', os.version: '10.0', java.version: '22.0.2'\nDriver info: driver.version: RemoteWebDriver","trace":"org.openqa.selenium.NoSuchElementException: Unable to find element with locator By.id: message23\nFor documentation on this error, please visit: https://www.selenium.dev/documentation/webdriver/troubleshooting/errors#no-such-element-exception\nBuild info: version: '4.34.0', revision: '707dcb4246*'\nSystem info: os.name: 'Windows 11', os.arch: 'amd64', os.version: '10.0', java.version: '22.0.2'\nDriver info: driver.version: RemoteWebDriver\r\n\tat org.openqa.selenium.remote.ElementLocation$ElementFinder$2.findElement(ElementLocation.java:168)\r\n\tat org.openqa.selenium.remote.ElementLocation.findElement(ElementLocation.java:66)\r\n\tat org.openqa.selenium.remote.RemoteWebDriver.findElement(RemoteWebDriver.java:367)\r\n\tat org.openqa.selenium.remote.RemoteWebDriver.findElement(RemoteWebDriver.java:361)\r\n\tat org.finsecure.stepdefinitions.LoginSteps.iShouldSeeAnErrorMessageIndicatingThatFieldsCannotBeEmpty(LoginSteps.java:75)\r\n\tat ✽.I should see an error message indicating that fields cannot be empty(file:///S:/Started/AutomationBDDProjects/FinSecureAuto/src/test/resources/features/login.feature:13)\r\n"},"stage":"finished","steps":[{"name":"Given I am on the login page","status":"passed","statusDetails":{"known":false,"muted":false,"flaky":false},"stage":"finished","steps":[],"attachments":[],"parameters":[],"start":1753679002998,"stop":1753679006031},{"name":"When I leave the username and password fields empty","status":"passed","statusDetails":{"known":false,"muted":false,"flaky":false},"stage":"finished","steps":[],"attachments":[],"parameters":[],"start":1753679006037,"stop":1753679006761},{"name":"Then I should see an error message indicating that fields cannot be empty","status":"broken","statusDetails":{"known":false,"muted":false,"flaky":false,"message":"Unable to find element with locator By.id: message23\nFor documentation on this error, please visit: https://www.selenium.dev/documentation/webdriver/troubleshooting/errors#no-such-element-exception\nBuild info: version: '4.34.0', revision: '707dcb4246*'\nSystem info: os.name: 'Windows 11', os.arch: 'amd64', os.version: '10.0', java.version: '22.0.2'\nDriver info: driver.version: RemoteWebDriver","trace":"org.openqa.selenium.NoSuchElementException: Unable to find element with locator By.id: message23\nFor documentation on this error, please visit: https://www.selenium.dev/documentation/webdriver/troubleshooting/errors#no-such-element-exception\nBuild info: version: '4.34.0', revision: '707dcb4246*'\nSystem info: os.name: 'Windows 11', os.arch: 'amd64', os.version: '10.0', java.version: '22.0.2'\nDriver info: driver.version: RemoteWebDriver\r\n\tat org.openqa.selenium.remote.ElementLocation$ElementFinder$2.findElement(ElementLocation.java:168)\r\n\tat org.openqa.selenium.remote.ElementLocation.findElement(ElementLocation.java:66)\r\n\tat org.openqa.selenium.remote.RemoteWebDriver.findElement(RemoteWebDriver.java:367)\r\n\tat org.openqa.selenium.remote.RemoteWebDriver.findElement(RemoteWebDriver.java:361)\r\n\tat org.finsecure.stepdefinitions.LoginSteps.iShouldSeeAnErrorMessageIndicatingThatFieldsCannotBeEmpty(LoginSteps.java:75)\r\n\tat ✽.I should see an error message indicating that fields cannot be empty(file:///S:/Started/AutomationBDDProjects/FinSecureAuto/src/test/resources/features/login.feature:13)\r\n"},"stage":"finished","steps":[],"attachments":[],"parameters":[],"start":1753679006762,"stop":1753679006786}],"attachments":[],"parameters":[],"start":1753679001708,"stop":1753679006808}